
============================================================
  QLD — 2,871 practitioners already collected
============================================================


--- QLD | Male ---
    [Male] AB: +62 new (reported 147)
    [Male] AC: +69 new (reported 301)
    [Male] AD: +71 new (reported 361)
    [Male] AE: +38 new (reported 295)
    [Male] AF: +62 new (reported 66)
    [Male] AG: +60 new (reported 357)
    [Male] AH: +53 new (reported 460)
    [Male] AI: +59 new (reported 490)
    [Male] AJ: +54 new (reported 49)
    [Male] AK: +50 new (reported 309)
    [Male] AL: +54 new (reported 759)
    [Male] AM: +53 new (reported 431)
    [Male] AN: +75 new (reported 2024)
    [Male] AO: +43 new (reported 306)
    [Male] AP: +54 new (reported 147)
    [Male] AQ: +13 new (reported 158)
    [Male] AR: +62 new (reported 1030)
    [Male] AS: +48 new (reported 424)
    [Male] AT: +53 new (reported 567)
    [Male] AU: +67 new (reported 410)
    [Male] AV: +62 new (reported 170)
    [Male] AW: +61 new (reported 467)
    [Male] AX: +52 new (reported 35)
    [Male] AY: +48 new (reported 575)
    [Male] AZ: +58 new (reported 94)
    [Male] BA: +23 new (reported 331)
    [Male] BC: +58 new (reported 46)
    [Male] BD: +61 new (reported 78)
    [Male] BE: +48 new (reported 371)
    [Male] BF: +3 new (reported 3)
    [Male] BH: +47 new (reported 79)
    [Male] BI: +50 new (reported 166)
    [Male] BJ: +5 new (reported 13)
    [Male] BK: +3 new (reported 48)
    [Male] BL: +65 new (reported 516)
    [Male] BM: +7 new (reported 5)
    [Male] BN: +67 new (reported 97)
    [Male] BO: +53 new (reported 242)
    [Male] BP: +18 new (reported 17)
    [Male] BR: +53 new (reported 358)
    [Male] BS: +65 new (reported 61)
    [Male] BT: +22 new (reported 62)
    [Male] BU: +47 new (reported 228)
    [Male] BV: +2 new (reported 4)
    [Male] BW: +37 new (reported 51)
    [Male] BX: +5 new (reported 4)
    [Male] BY: +51 new (reported 92)
    [Male] BZ: +16 new (reported 23)
    [Male] CA: +32 new (reported 472)
    [Male] CB: +20 new (reported 15)
    [Male] CD: +62 new (reported 137)
    [Male] CE: +63 new (reported 240)
    [Male] CF: +40 new (reported 35)
    [Male] CG: +67 new (reported 259)
    [Male] CH: +47 new (reported 729)
    [Male] CI: +60 new (reported 173)
    [Male] CJ: +4 new (reported 4)
    [Male] CK: +36 new (reported 563)
    [Male] CL: +63 new (reported 231)
    [Male] CM: +60 new (reported 67)
    [Male] CN: +60 new (reported 242)
    [Male] CO: +49 new (reported 598)
    [Male] CP: +13 new (reported 19)
    [Male] CQ: +48 new (reported 219)
    [Male] CR: +56 new (reported 243)
    [Male] CS: +57 new (reported 49)
    [Male] CT: +45 new (reported 113)
    [Male] CU: +75 new (reported 262)
    [Male] CV: +7 new (reported 34)
    [Male] CW: +5 new (reported 219)
    [Male] CX: +16 new (reported 11)
    [Male] CY: +58 new (reported 129)
    [Male] CZ: +37 new (reported 270)
    [Male] DA: +22 new (reported 453)
    [Male] DB: +47 new (reported 38)
    [Male] DC: +51 new (reported 41)
    [Male] DE: +56 new (reported 513)
    [Male] DF: +35 new (reported 31)
    [Male] DG: +59 new (reported 91)
    [Male] DH: +42 new (reported 266)
    [Male] DI: +37 new (reported 369)
    [Male] DJ: +11 new (reported 9)
    [Male] DK: +2 new (reported 39)
    [Male] DL: +68 new (reported 106)
    [Male] DM: +69 new (reported 56)
    [Male] DN: +48 new (reported 222)
    [Male] DO: +41 new (reported 424)
    [Male] DP: +1 new (reported 32)
    [Male] DR: +60 new (reported 152)
    [Male] DS: +54 new (reported 170)
    [Male] DT: +44 new (reported 203)
    [Male] DU: +38 new (reported 258)
    [Male] DW: +47 new (reported 242)
    [Male] DX: +1 new (reported 3)
    [Male] DY: +54 new (reported 254)
    [Male] DZ: +51 new (reported 57)
    [Male] EA: +23 new (reported 516)
    [Male] EB: +45 new (reported 89)
    [Male] EC: +36 new (reported 193)
    [Male] ED: +16 new (reported 284)
    [Male] EF: +55 new (reported 65)
    [Male] EG: +52 new (reported 226)
    [Male] EH: +53 new (reported 335)
    [Male] EI: +56 new (reported 396)
    [Male] EJ: +25 new (reported 25)
    [Male] EK: +45 new (reported 214)
    [Male] EL: +38 new (reported 718)
    [Male] EM: +45 new (reported 166)
    [Male] EN: +46 new (reported 1990)
    [Male] EO: +40 new (reported 334)
    [Male] EP: +41 new (reported 86)
    [Male] EQ: +2 new (reported 148)
    [Male] ER: +26 new (reported 1185)
    [Male] ES: +24 new (reported 437)
    [Male] ET: +32 new (reported 368)
    [Male] EU: +50 new (reported 309)
    [Male] EV: +55 new (reported 147)
    [Male] EW: +43 new (reported 423)
    [Male] EX: +18 new (reported 30)
    [Male] EY: +31 new (reported 734)
    [Male] EZ: +36 new (reported 89)
    [Male] FA: +38 new (reported 250)
    [Male] FB: +3 new (reported 14)
    [Male] FC: +17 new (reported 18)
    [Male] FD: +55 new (reported 78)
    [Male] FE: +23 new (reported 268)
    [Male] FH: +40 new (reported 157)
    [Male] FI: +37 new (reported 276)
    [Male] FJ: +7 new (reported 10)
    [Male] FL: +60 new (reported 68)
    [Male] FM: +16 new (reported 16)
    [Male] FN: +46 new (reported 162)
    [Male] FO: +37 new (reported 265)
    [Male] FR: +39 new (reported 103)
    [Male] FS: +27 new (reported 26)
    [Male] FT: +19 new (reported 100)
    [Male] FU: +19 new (reported 169)
    [Male] FX: +2 new (reported 10)
    [Male] FY: +2 new (reported 163)
    [Male] GA: +26 new (reported 491)
    [Male] GB: +9 new (reported 30)
    [Male] GC: +45 new (reported 64)
    [Male] GD: +8 new (reported 109)
    [Male] GE: +13 new (reported 571)
    [Male] GF: +5 new (reported 34)
    [Male] GH: +26 new (reported 478)
    [Male] GI: +44 new (reported 413)
    [Male] GK: +1 new (reported 64)
    [Male] GL: +56 new (reported 175)
    [Male] GM: +19 new (reported 39)
    [Male] GN: +44 new (reported 41)
    [Male] GO: +35 new (reported 390)
    [Male] GP: +1 new (reported 11)
    [Male] GQ: +4 new (reported 62)
    [Male] GR: +51 new (reported 301)
    [Male] GS: +57 new (reported 87)
    [Male] GT: +30 new (reported 129)
    [Male] GU: +36 new (reported 337)
    [Male] GW: +11 new (reported 230)
    [Male] GY: +11 new (reported 290)
    [Male] HA: +13 new (reported 904)
    [Male] HB: +7 new (reported 62)
    [Male] HC: +12 new (reported 231)
    [Male] HD: +13 new (reported 193)
    [Male] HE: +10 new (reported 660)
    [Male] HF: +7 new (reported 164)
    [Male] HG: +2 new (reported 216)
    [Male] HI: +21 new (reported 527)
    [Male] HJ: +31 new (reported 82)
    [Male] HK: +5 new (reported 218)
    [Male] HL: +48 new (reported 338)
    [Male] HM: +36 new (reported 95)
    [Male] HN: +50 new (reported 97)
    [Male] HO: +39 new (reported 507)
    [Male] HP: +4 new (reported 52)
    [Male] HR: +43 new (reported 147)
    [Male] HS: +11 new (reported 121)
    [Male] HT: +46 new (reported 262)
    [Male] HU: +23 new (reported 353)
    [Male] HW: +33 new (reported 24)
    Request failed: Could not find a suitable TLS CA certificate bundle, invalid path: /Users/jasminebaldevraj/Desktop/ARPHA/statdoctor_scrapper/venv/lib/python3.14/site-packages/certifi/cacert.pem
    Request failed: Could not find a suitable TLS CA certificate bundle, invalid path: /Users/jasminebaldevraj/Desktop/ARPHA/statdoctor_scrapper/venv/lib/python3.14/site-packages/certifi/cacert.pem
    Request failed: Could not find a suitable TLS CA certificate bundle, invalid path: /Users/jasminebaldevraj/Desktop/ARPHA/statdoctor_scrapper/venv/lib/python3.14/site-packages/certifi/cacert.pem
    Request failed: Could not find a suitable TLS CA certificate bundle, invalid path: /Users/jasminebaldevraj/Desktop/ARPHA/statdoctor_scrapper/venv/lib/python3.14/site-packages/certifi/cacert.pem
    Request failed: Could not find a suitable TLS CA certificate bundle, invalid path: /Users/jasminebaldevraj/Desktop/ARPHA/statdoctor_scrapper/venv/lib/python3.14/site-packages/certifi/cacert.pem
    Request failed: Could not find a suitable TLS CA certificate bundle, invalid path: /Users/jasminebaldevraj/Desktop/ARPHA/statdoctor_scrapper/venv/lib/python3.14/site-packages/certifi/cacert.pem
    Request failed: Could not find a suitable TLS CA certificate bundle, invalid path: /Users/jasminebaldevraj/Desktop/ARPHA/statdoctor_scrapper/venv/lib/python3.14/site-packages/certifi/cacert.pem
    Request failed: Could not find a suitable TLS CA certificate bundle, invalid path: /Users/jasminebaldevraj/Desktop/ARPHA/statdoctor_scrapper/venv/lib/python3.14/site-packages/certifi/cacert.pem
    Request failed: Could not find a suitable TLS CA certificate bundle, invalid path: /Users/jasminebaldevraj/Desktop/ARPHA/statdoctor_scrapper/venv/lib/python3.14/site-packages/certifi/cacert.pem
    Request failed: Could not find a suitable TLS CA certificate bundle, invalid path: /Users/jasminebaldevraj/Desktop/ARPHA/statdoctor_scrapper/venv/lib/python3.14/site-packages/certifi/cacert.pem
    Request failed: Could not find a suitable TLS CA certificate bundle, invalid path: /Users/jasminebaldevraj/Desktop/ARPHA/statdoctor_scrapper/venv/lib/python3.14/site-packages/certifi/cacert.pem
    Request failed: Could not find a suitable TLS CA certificate bundle, invalid path: /Users/jasminebaldevraj/Desktop/ARPHA/statdoctor_scrapper/venv/lib/python3.14/site-packages/certifi/cacert.pem
    Request failed: Could not find a suitable TLS CA certificate bundle, invalid path: /Users/jasminebaldevraj/Desktop/ARPHA/statdoctor_scrapper/venv/lib/python3.14/site-packages/certifi/cacert.pem
    Request failed: Could not find a suitable TLS CA certificate bundle, invalid path: /Users/jasminebaldevraj/Desktop/ARPHA/statdoctor_scrapper/venv/lib/python3.14/site-packages/certifi/cacert.pem
    Request failed: Could not find a suitable TLS CA certificate bundle, invalid path: /Users/jasminebaldevraj/Desktop/ARPHA/statdoctor_scrapper/venv/lib/python3.14/site-packages/certifi/cacert.pem
    Request failed: Could not find a suitable TLS CA certificate bundle, invalid path: /Users/jasminebaldevraj/Desktop/ARPHA/statdoctor_scrapper/venv/lib/python3.14/site-packages/certifi/cacert.pem
    Request failed: Could not find a suitable TLS CA certificate bundle, invalid path: /Users/jasminebaldevraj/Desktop/ARPHA/statdoctor_scrapper/venv/lib/python3.14/site-packages/certifi/cacert.pem
    Request failed: Could not find a suitable TLS CA certificate bundle, invalid path: /Users/jasminebaldevraj/Desktop/ARPHA/statdoctor_scrapper/venv/lib/python3.14/site-packages/certifi/cacert.pem
    Request failed: Could not find a suitable TLS CA certificate bundle, invalid path: /Users/jasminebaldevraj/Desktop/ARPHA/statdoctor_scrapper/venv/lib/python3.14/site-packages/certifi/cacert.pem
    Request failed: Could not find a suitable TLS CA certificate bundle, invalid path: /Users/jasminebaldevraj/Desktop/ARPHA/statdoctor_scrapper/venv/lib/python3.14/site-packages/certifi/cacert.pem
    Request failed: Could not find a suitable TLS CA certificate bundle, invalid path: /Users/jasminebaldevraj/Desktop/ARPHA/statdoctor_scrapper/venv/lib/python3.14/site-packages/certifi/cacert.pem
    Request failed: Could not find a suitable TLS CA certificate bundle, invalid path: /Users/jasminebaldevraj/Desktop/ARPHA/statdoctor_scrapper/venv/lib/python3.14/site-packages/certifi/cacert.pem
    Request failed: Could not find a suitable TLS CA certificate bundle, invalid path: /Users/jasminebaldevraj/Desktop/ARPHA/statdoctor_scrapper/venv/lib/python3.14/site-packages/certifi/cacert.pem
    Request failed: Could not find a suitable TLS CA certificate bundle, invalid path: /Users/jasminebaldevraj/Desktop/ARPHA/statdoctor_scrapper/venv/lib/python3.14/site-packages/certifi/cacert.pem
    Request failed: Could not find a suitable TLS CA certificate bundle, invalid path: /Users/jasminebaldevraj/Desktop/ARPHA/statdoctor_scrapper/venv/lib/python3.14/site-packages/certifi/cacert.pem
    Request failed: Could not find a suitable TLS CA certificate bundle, invalid path: /Users/jasminebaldevraj/Desktop/ARPHA/statdoctor_scrapper/venv/lib/python3.14/site-packages/certifi/cacert.pem
    Request failed: Could not find a suitable TLS CA certificate bundle, invalid path: /Users/jasminebaldevraj/Desktop/ARPHA/statdoctor_scrapper/venv/lib/python3.14/site-packages/certifi/cacert.pem
    Request failed: Could not find a suitable TLS CA certificate bundle, invalid path: /Users/jasminebaldevraj/Desktop/ARPHA/statdoctor_scrapper/venv/lib/python3.14/site-packages/certifi/cacert.pem
    Request failed: Could not find a suitable TLS CA certificate bundle, invalid path: /Users/jasminebaldevraj/Desktop/ARPHA/statdoctor_scrapper/venv/lib/python3.14/site-packages/certifi/cacert.pem
    Request failed: Could not find a suitable TLS CA certificate bundle, invalid path: /Users/jasminebaldevraj/Desktop/ARPHA/statdoctor_scrapper/venv/lib/python3.14/site-packages/certifi/cacert.pem
    Request failed: Could not find a suitable TLS CA certificate bundle, invalid path: /Users/jasminebaldevraj/Desktop/ARPHA/statdoctor_scrapper/venv/lib/python3.14/site-packages/certifi/cacert.pem
    Request failed: Could not find a suitable TLS CA certificate bundle, invalid path: /Users/jasminebaldevraj/Desktop/ARPHA/statdoctor_scrapper/venv/lib/python3.14/site-packages/certifi/cacert.pem
    Request failed: Could not find a suitable TLS CA certificate bundle, invalid path: /Users/jasminebaldevraj/Desktop/ARPHA/statdoctor_scrapper/venv/lib/python3.14/site-packages/certifi/cacert.pem
    Request failed: Could not find a suitable TLS CA certificate bundle, invalid path: /Users/jasminebaldevraj/Desktop/ARPHA/statdoctor_scrapper/venv/lib/python3.14/site-packages/certifi/cacert.pem
    Request failed: Could not find a suitable TLS CA certificate bundle, invalid path: /Users/jasminebaldevraj/Desktop/ARPHA/statdoctor_scrapper/venv/lib/python3.14/site-packages/certifi/cacert.pem
    Request failed: Could not find a suitable TLS CA certificate bundle, invalid path: /Users/jasminebaldevraj/Desktop/ARPHA/statdoctor_scrapper/venv/lib/python3.14/site-packages/certifi/cacert.pem
    Request failed: Could not find a suitable TLS CA certificate bundle, invalid path: /Users/jasminebaldevraj/Desktop/ARPHA/statdoctor_scrapper/venv/lib/python3.14/site-packages/certifi/cacert.pem
    Request failed: Could not find a suitable TLS CA certificate bundle, invalid path: /Users/jasminebaldevraj/Desktop/ARPHA/statdoctor_scrapper/venv/lib/python3.14/site-packages/certifi/cacert.pem
    Request failed: Could not find a suitable TLS CA certificate bundle, invalid path: /Users/jasminebaldevraj/Desktop/ARPHA/statdoctor_scrapper/venv/lib/python3.14/site-packages/certifi/cacert.pem
    Request failed: Could not find a suitable TLS CA certificate bundle, invalid path: /Users/jasminebaldevraj/Desktop/ARPHA/statdoctor_scrapper/venv/lib/python3.14/site-packages/certifi/cacert.pem
    Request failed: Could not find a suitable TLS CA certificate bundle, invalid path: /Users/jasminebaldevraj/Desktop/ARPHA/statdoctor_scrapper/venv/lib/python3.14/site-packages/certifi/cacert.pem
    Request failed: Could not find a suitable TLS CA certificate bundle, invalid path: /Users/jasminebaldevraj/Desktop/ARPHA/statdoctor_scrapper/venv/lib/python3.14/site-packages/certifi/cacert.pem
    Request failed: Could not find a suitable TLS CA certificate bundle, invalid path: /Users/jasminebaldevraj/Desktop/ARPHA/statdoctor_scrapper/venv/lib/python3.14/site-packages/certifi/cacert.pem
    Request failed: Could not find a suitable TLS CA certificate bundle, invalid path: /Users/jasminebaldevraj/Desktop/ARPHA/statdoctor_scrapper/venv/lib/python3.14/site-packages/certifi/cacert.pem
    Request failed: Could not find a suitable TLS CA certificate bundle, invalid path: /Users/jasminebaldevraj/Desktop/ARPHA/statdoctor_scrapper/venv/lib/python3.14/site-packages/certifi/cacert.pem
    Request failed: Could not find a suitable TLS CA certificate bundle, invalid path: /Users/jasminebaldevraj/Desktop/ARPHA/statdoctor_scrapper/venv/lib/python3.14/site-packages/certifi/cacert.pem
    Request failed: Could not find a suitable TLS CA certificate bundle, invalid path: /Users/jasminebaldevraj/Desktop/ARPHA/statdoctor_scrapper/venv/lib/python3.14/site-packages/certifi/cacert.pem
    Request failed: Could not find a suitable TLS CA certificate bundle, invalid path: /Users/jasminebaldevraj/Desktop/ARPHA/statdoctor_scrapper/venv/lib/python3.14/site-packages/certifi/cacert.pem
    Request failed: Could not find a suitable TLS CA certificate bundle, invalid path: /Users/jasminebaldevraj/Desktop/ARPHA/statdoctor_scrapper/venv/lib/python3.14/site-packages/certifi/cacert.pem
    Request failed: Could not find a suitable TLS CA certificate bundle, invalid path: /Users/jasminebaldevraj/Desktop/ARPHA/statdoctor_scrapper/venv/lib/python3.14/site-packages/certifi/cacert.pem
    Request failed: Could not find a suitable TLS CA certificate bundle, invalid path: /Users/jasminebaldevraj/Desktop/ARPHA/statdoctor_scrapper/venv/lib/python3.14/site-packages/certifi/cacert.pem
    Request failed: Could not find a suitable TLS CA certificate bundle, invalid path: /Users/jasminebaldevraj/Desktop/ARPHA/statdoctor_scrapper/venv/lib/python3.14/site-packages/certifi/cacert.pem
    Request failed: Could not find a suitable TLS CA certificate bundle, invalid path: /Users/jasminebaldevraj/Desktop/ARPHA/statdoctor_scrapper/venv/lib/python3.14/site-packages/certifi/cacert.pem
    Request failed: Could not find a suitable TLS CA certificate bundle, invalid path: /Users/jasminebaldevraj/Desktop/ARPHA/statdoctor_scrapper/venv/lib/python3.14/site-packages/certifi/cacert.pem
    Request failed: Could not find a suitable TLS CA certificate bundle, invalid path: /Users/jasminebaldevraj/Desktop/ARPHA/statdoctor_scrapper/venv/lib/python3.14/site-packages/certifi/cacert.pem
    Request failed: Could not find a suitable TLS CA certificate bundle, invalid path: /Users/jasminebaldevraj/Desktop/ARPHA/statdoctor_scrapper/venv/lib/python3.14/site-packages/certifi/cacert.pem
    Request failed: Could not find a suitable TLS CA certificate bundle, invalid path: /Users/jasminebaldevraj/Desktop/ARPHA/statdoctor_scrapper/venv/lib/python3.14/site-packages/certifi/cacert.pem
    Request failed: Could not find a suitable TLS CA certificate bundle, invalid path: /Users/jasminebaldevraj/Desktop/ARPHA/statdoctor_scrapper/venv/lib/python3.14/site-packages/certifi/cacert.pem
    Request failed: Could not find a suitable TLS CA certificate bundle, invalid path: /Users/jasminebaldevraj/Desktop/ARPHA/statdoctor_scrapper/venv/lib/python3.14/site-packages/certifi/cacert.pem
    Request failed: Could not find a suitable TLS CA certificate bundle, invalid path: /Users/jasminebaldevraj/Desktop/ARPHA/statdoctor_scrapper/venv/lib/python3.14/site-packages/certifi/cacert.pem
    Request failed: Could not find a suitable TLS CA certificate bundle, invalid path: /Users/jasminebaldevraj/Desktop/ARPHA/statdoctor_scrapper/venv/lib/python3.14/site-packages/certifi/cacert.pem
    Request failed: Could not find a suitable TLS CA certificate bundle, invalid path: /Users/jasminebaldevraj/Desktop/ARPHA/statdoctor_scrapper/venv/lib/python3.14/site-packages/certifi/cacert.pem
    Request failed: Could not find a suitable TLS CA certificate bundle, invalid path: /Users/jasminebaldevraj/Desktop/ARPHA/statdoctor_scrapper/venv/lib/python3.14/site-packages/certifi/cacert.pem
    Request failed: Could not find a suitable TLS CA certificate bundle, invalid path: /Users/jasminebaldevraj/Desktop/ARPHA/statdoctor_scrapper/venv/lib/python3.14/site-packages/certifi/cacert.pem
    Request failed: Could not find a suitable TLS CA certificate bundle, invalid path: /Users/jasminebaldevraj/Desktop/ARPHA/statdoctor_scrapper/venv/lib/python3.14/site-packages/certifi/cacert.pem
    Request failed: Could not find a suitable TLS CA certificate bundle, invalid path: /Users/jasminebaldevraj/Desktop/ARPHA/statdoctor_scrapper/venv/lib/python3.14/site-packages/certifi/cacert.pem
    Request failed: Could not find a suitable TLS CA certificate bundle, invalid path: /Users/jasminebaldevraj/Desktop/ARPHA/statdoctor_scrapper/venv/lib/python3.14/site-packages/certifi/cacert.pem
    Request failed: Could not find a suitable TLS CA certificate bundle, invalid path: /Users/jasminebaldevraj/Desktop/ARPHA/statdoctor_scrapper/venv/lib/python3.14/site-packages/certifi/cacert.pem
    Request failed: Could not find a suitable TLS CA certificate bundle, invalid path: /Users/jasminebaldevraj/Desktop/ARPHA/statdoctor_scrapper/venv/lib/python3.14/site-packages/certifi/cacert.pem
    Request failed: Could not find a suitable TLS CA certificate bundle, invalid path: /Users/jasminebaldevraj/Desktop/ARPHA/statdoctor_scrapper/venv/lib/python3.14/site-packages/certifi/cacert.pem
    Request failed: Could not find a suitable TLS CA certificate bundle, invalid path: /Users/jasminebaldevraj/Desktop/ARPHA/statdoctor_scrapper/venv/lib/python3.14/site-packages/certifi/cacert.pem
    Request failed: Could not find a suitable TLS CA certificate bundle, invalid path: /Users/jasminebaldevraj/Desktop/ARPHA/statdoctor_scrapper/venv/lib/python3.14/site-packages/certifi/cacert.pem
    Request failed: Could not find a suitable TLS CA certificate bundle, invalid path: /Users/jasminebaldevraj/Desktop/ARPHA/statdoctor_scrapper/venv/lib/python3.14/site-packages/certifi/cacert.pem
    Request failed: Could not find a suitable TLS CA certificate bundle, invalid path: /Users/jasminebaldevraj/Desktop/ARPHA/statdoctor_scrapper/venv/lib/python3.14/site-packages/certifi/cacert.pem
    Request failed: Could not find a suitable TLS CA certificate bundle, invalid path: /Users/jasminebaldevraj/Desktop/ARPHA/statdoctor_scrapper/venv/lib/python3.14/site-packages/certifi/cacert.pem
    Request failed: Could not find a suitable TLS CA certificate bundle, invalid path: /Users/jasminebaldevraj/Desktop/ARPHA/statdoctor_scrapper/venv/lib/python3.14/site-packages/certifi/cacert.pem
    Request failed: Could not find a suitable TLS CA certificate bundle, invalid path: /Users/jasminebaldevraj/Desktop/ARPHA/statdoctor_scrapper/venv/lib/python3.14/site-packages/certifi/cacert.pem
    Request failed: Could not find a suitable TLS CA certificate bundle, invalid path: /Users/jasminebaldevraj/Desktop/ARPHA/statdoctor_scrapper/venv/lib/python3.14/site-packages/certifi/cacert.pem
    Request failed: Could not find a suitable TLS CA certificate bundle, invalid path: /Users/jasminebaldevraj/Desktop/ARPHA/statdoctor_scrapper/venv/lib/python3.14/site-packages/certifi/cacert.pem
    Request failed: Could not find a suitable TLS CA certificate bundle, invalid path: /Users/jasminebaldevraj/Desktop/ARPHA/statdoctor_scrapper/venv/lib/python3.14/site-packages/certifi/cacert.pem
    Request failed: Could not find a suitable TLS CA certificate bundle, invalid path: /Users/jasminebaldevraj/Desktop/ARPHA/statdoctor_scrapper/venv/lib/python3.14/site-packages/certifi/cacert.pem
    Request failed: Could not find a suitable TLS CA certificate bundle, invalid path: /Users/jasminebaldevraj/Desktop/ARPHA/statdoctor_scrapper/venv/lib/python3.14/site-packages/certifi/cacert.pem
    Request failed: Could not find a suitable TLS CA certificate bundle, invalid path: /Users/jasminebaldevraj/Desktop/ARPHA/statdoctor_scrapper/venv/lib/python3.14/site-packages/certifi/cacert.pem
Traceback (most recent call last):
  File "/Users/jasminebaldevraj/Desktop/ARPHA/statdoctor_scrapper/scraper/scraper_statewise.py", line 21, in <module>
    from bs4 import BeautifulSoup
ModuleNotFoundError: No module named 'bs4'
Traceback (most recent call last):
  File "/Users/jasminebaldevraj/Desktop/ARPHA/statdoctor_scrapper/scraper/scraper_statewise.py", line 21, in <module>
    from bs4 import BeautifulSoup
ModuleNotFoundError: No module named 'bs4'
Traceback (most recent call last):
  File "/Users/jasminebaldevraj/Desktop/ARPHA/statdoctor_scrapper/scraper/scraper_statewise.py", line 21, in <module>
    from bs4 import BeautifulSoup
ModuleNotFoundError: No module named 'bs4'

============================================================
  QLD — 7,074 practitioners already collected
============================================================


--- QLD | Male ---
    [Male] HY: +48 new (reported 235)
    [Male] HZ: +10 new (reported 118)
    [Male] IA: +22 new (reported 434)
    [Male] IB: +29 new (reported 96)
    [Male] IC: +9 new (reported 345)
    [Male] ID: +5 new (reported 276)
    [Male] IE: +9 new (reported 568)
    [Male] IF: +27 new (reported 73)
    [Male] IG: +6 new (reported 325)
    [Male] IH: +9 new (reported 294)
    [Male] IJ: +36 new (reported 48)
    [Male] IK: +42 new (reported 220)
    [Male] IL: +15 new (reported 648)
    [Male] IM: +27 new (reported 200)
    [Male] IN: +47 new (reported 2183)
    [Male] IO: +45 new (reported 349)
    [Male] IP: +49 new (reported 96)
    [Male] IQ: +10 new (reported 157)
    [Male] IR: +13 new (reported 252)
    [Male] IS: +19 new (reported 401)
    [Male] IT: +51 new (reported 439)
    [Male] IU: +26 new (reported 299)
    [Male] IV: +40 new (reported 85)
    [Male] IW: +32 new (reported 305)
    [Male] IX: +12 new (reported 26)
    [Male] IY: +39 new (reported 335)
    [Male] IZ: +33 new (reported 71)
    [Male] JA: +18 new (reported 404)
    [Male] JB: +1 new (reported 50)
    [Male] JC: +7 new (reported 148)
    [Male] JD: +22 new (reported 141)
    [Male] JE: +19 new (reported 350)
    [Male] JF: +6 new (reported 26)
    [Male] JH: +5 new (reported 301)
    [Male] JI: +7 new (reported 304)
    [Male] JL: +36 new (reported 194)
    [Male] JM: +27 new (reported 40)
    [Male] JN: +12 new (reported 1534)
    [Male] JO: +15 new (reported 399)
    [Male] JR: +21 new (reported 53)
    [Male] JS: +19 new (reported 44)
    [Male] JU: +12 new (reported 306)
    [Male] KA: +8 new (reported 394)
    [Male] KB: +6 new (reported 19)
    [Male] KD: +6 new (reported 107)
    [Male] KE: +7 new (reported 674)
    [Male] KF: +2 new (reported 31)
    [Male] KG: +1 new (reported 63)
    [Male] KH: +23 new (reported 316)
    [Male] KI: +26 new (reported 463)
    [Male] KL: +45 new (reported 173)
    [Male] KM: +10 new (reported 46)
    [Male] KN: +11 new (reported 33)
    [Male] KO: +28 new (reported 327)
    [Male] KP: +2 new (reported 13)
    [Male] KR: +35 new (reported 194)
    [Male] KS: +41 new (reported 113)
    [Male] KT: +3 new (reported 105)
    [Male] KU: +44 new (reported 262)
    [Male] KW: +33 new (reported 247)
    [Male] KY: +11 new (reported 219)
    [Male] KZ: +16 new (reported 63)
    [Male] LA: +33 new (reported 875)
    [Male] LB: +37 new (reported 45)
    [Male] LC: +36 new (reported 170)
    [Male] LD: +6 new (reported 211)
    [Male] LE: +66 new (reported 924)
    [Male] LF: +27 new (reported 62)
    [Male] LG: +25 new (reported 165)
    [Male] LH: +24 new (reported 311)
    [Male] LI: +12 new (reported 750)
    [Male] LJ: +5 new (reported 8)
    [Male] LK: +49 new (reported 213)
    [Male] LM: +43 new (reported 147)
    [Male] LN: +46 new (reported 87)
    [Male] LO: +21 new (reported 533)
    [Male] LP: +20 new (reported 25)
    [Male] LQ: +16 new (reported 147)
    [Male] LR: +22 new (reported 22)
    [Male] LS: +42 new (reported 249)
    [Male] LT: +51 new (reported 120)
    [Male] LU: +26 new (reported 360)
    [Male] LV: +28 new (reported 81)
    [Male] LW: +13 new (reported 311)
    [Male] LX: +28 new (reported 23)
    [Male] LY: +33 new (reported 419)
    [Male] LZ: +37 new (reported 103)
    [Male] MA: +15 new (reported 749)
    [Male] MB: +30 new (reported 96)
    [Male] MC: +10 new (reported 336)
    [Male] MD: +41 new (reported 53)
    [Male] ME: +4 new (reported 268)
    [Male] MG: +30 new (reported 47)
    [Male] MH: +13 new (reported 37)
    [Male] MI: +20 new (reported 338)
    [Male] MJ: +3 new (reported 7)
    [Male] MK: +1 new (reported 47)
    [Male] ML: +36 new (reported 32)
    [Male] MN: +36 new (reported 65)
    [Male] MO: +24 new (reported 303)
    [Male] MP: +36 new (reported 105)
    [Male] MR: +30 new (reported 124)
    [Male] MS: +41 new (reported 132)
    [Male] MT: +14 new (reported 72)
    [Male] MU: +16 new (reported 180)
    [Male] MW: +2 new (reported 39)
    [Male] MX: +9 new (reported 16)
    [Male] MY: +15 new (reported 45)
    [Male] MZ: +10 new (reported 21)
    [Male] NA: +9 new (reported 409)
    [Male] NB: +21 new (reported 37)
    [Male] NC: +13 new (reported 176)
    [Male] ND: +7 new (reported 383)
    [Male] NE: +5 new (reported 608)
    [Male] NF: +8 new (reported 18)
    [Male] NG: +11 new (reported 666)
    [Male] NH: +27 new (reported 57)
    [Male] NI: +10 new (reported 233)
    [Male] NJ: +10 new (reported 25)
    [Male] NK: +14 new (reported 159)
    [Male] NL: +36 new (reported 137)
    [Male] NM: +20 new (reported 22)
    [Male] NO: +14 new (reported 205)
    [Male] NP: +1 new (reported 11)
    [Male] NQ: +29 new (reported 68)
    [Male] NR: +36 new (reported 33)
    [Male] NS: +7 new (reported 413)
    [Male] NT: +21 new (reported 216)
    [Male] NU: +17 new (reported 48)
    [Male] NV: +1 new (reported 10)
    [Male] NW: +14 new (reported 45)
    [Male] NX: +2 new (reported 3)
    [Male] NY: +35 new (reported 50)
    [Male] NZ: +29 new (reported 30)
    [Male] OA: +37 new (reported 332)
    [Male] OB: +17 new (reported 166)
    [Male] OC: +29 new (reported 257)
    [Male] OD: +9 new (reported 327)
    [Male] OE: +21 new (reported 340)
    [Male] OF: +15 new (reported 62)
    [Male] OG: +19 new (reported 226)
    [Male] OH: +9 new (reported 397)
    [Male] OI: +12 new (reported 305)
    [Male] OJ: +1 new (reported 20)
    [Male] OK: +15 new (reported 229)
    [Male] OL: +6 new (reported 455)
    [Male] OM: +16 new (reported 225)
    [Male] ON: +14 new (reported 2411)
    [Male] OP: +46 new (reported 117)
    [Male] OR: +2 new (reported 597)
    [Male] OS: +20 new (reported 239)
    [Male] OT: +20 new (reported 309)
    [Male] OU: +7 new (reported 554)
    [Male] OV: +20 new (reported 81)
    [Male] OW: +6 new (reported 587)
    [Male] OX: +8 new (reported 43)
    [Male] OY: +30 new (reported 359)
    [Male] OZ: +6 new (reported 57)
    [Male] PA: +4 new (reported 324)
    [Male] PB: +22 new (reported 67)
    [Male] PE: +8 new (reported 251)
    [Male] PF: +4 new (reported 10)
    [Male] PG: +1 new (reported 49)
    [Male] PH: +1 new (reported 228)
    [Male] PI: +28 new (reported 138)
    [Male] PK: +3 new (reported 52)
    [Male] PL: +35 new (reported 494)
    [Male] PM: +8 new (reported 16)
    [Male] PN: +1 new (reported 22)
    [Male] PO: +24 new (reported 130)
    [Male] PR: +21 new (reported 200)
    [Male] PS: +3 new (reported 193)
    [Male] PT: +14 new (reported 83)
    [Male] PU: +31 new (reported 95)
    [Male] QA: +1 new (reported 217)
    [Male] QD: +1 new (reported 104)
    [Male] QL: +16 new (reported 109)
    [Male] QM: +2 new (reported 37)
    [Male] QN: +9 new (reported 222)
    [Male] QR: +15 new (reported 143)
    [Male] QU: +32 new (reported 269)
    [Male] RA: +3 new (reported 719)
    [Male] RB: +40 new (reported 52)
    [Male] RC: +29 new (reported 82)
    [Male] RD: +1 new (reported 361)
    [Male] RE: +3 new (reported 581)
    [Male] RF: +18 new (reported 36)
    [Male] RG: +25 new (reported 138)
    [Male] RH: +25 new (reported 108)
    [Male] RI: +3 new (reported 646)
    [Male] RJ: +14 new (reported 32)
    [Male] RK: +24 new (reported 171)
    [Male] RL: +37 new (reported 105)
    [Male] RM: +37 new (reported 115)
    [Male] RN: +7 new (reported 325)
    [Male] RO: +9 new (reported 528)
    [Male] RP: +19 new (reported 42)
    [Male] RQ: +15 new (reported 23)
    [Male] RS: +11 new (reported 414)
    [Male] RT: +7 new (reported 390)
    [Male] RU: +23 new (reported 220)
    [Male] RV: +36 new (reported 56)
    [Male] RW: +19 new (reported 123)
    [Male] RX: +2 new (reported 11)
    [Male] RY: +16 new (reported 268)
    [Male] RZ: +11 new (reported 169)
    [Male] SA: +3 new (reported 355)
    [Male] SB: +16 new (reported 29)
    [Male] SC: +11 new (reported 187)
    [Male] SD: +29 new (reported 97)
    [Male] SE: +2 new (reported 453)
    [Male] SF: +20 new (reported 47)
    [Male] SG: +18 new (reported 28)
    [Male] SH: +20 new (reported 466)
    [Male] SJ: +5 new (reported 7)
    [Male] SK: +22 new (reported 109)
    [Male] SL: +41 new (reported 111)
    [Male] SM: +27 new (reported 166)
    [Male] SN: +33 new (reported 390)
    [Male] SO: +1 new (reported 708)
    [Male] SP: +31 new (reported 61)
    [Male] SR: +10 new (reported 21)
    [Male] SU: +11 new (reported 194)
    [Male] SW: +21 new (reported 287)
    [Male] SX: +3 new (reported 7)
    [Male] SY: +11 new (reported 132)
    [Male] SZ: +4 new (reported 262)
    [Male] TA: +10 new (reported 476)
    [Male] TB: +1 new (reported 36)
    [Male] TC: +39 new (reported 114)
    [Male] TD: +8 new (reported 185)
    [Male] TE: +3 new (reported 590)
    [Male] TF: +6 new (reported 24)
    [Male] TG: +2 new (reported 38)
    [Male] TH: +2 new (reported 521)
    [Male] TI: +6 new (reported 402)
    [Male] TK: +27 new (reported 60)
    [Male] TL: +42 new (reported 131)
    [Male] TM: +14 new (reported 57)
    [Male] TN: +40 new (reported 270)
    [Male] TO: +2 new (reported 562)
    [Male] TR: +6 new (reported 239)
    [Male] TS: +22 new (reported 156)
    [Male] TU: +21 new (reported 279)
    [Male] TW: +18 new (reported 198)
    [Male] TY: +34 new (reported 246)
    [Male] TZ: +25 new (reported 100)
    [Male] UA: +29 new (reported 317)
    [Male] UB: +13 new (reported 77)
    [Male] UC: +11 new (reported 214)
    [Male] UD: +5 new (reported 212)
    [Male] UE: +17 new (reported 344)
    [Male] UF: +6 new (reported 46)
    [Male] UG: +9 new (reported 246)
    [Male] UH: +6 new (reported 304)
    [Male] UI: +8 new (reported 375)
    [Male] UJ: +2 new (reported 14)
    [Male] UK: +15 new (reported 187)
    [Male] UM: +9 new (reported 124)
    [Male] UN: +22 new (reported 1717)
    [Male] UO: +6 new (reported 295)
    [Male] UP: +13 new (reported 74)
    [Male] UQ: +1 new (reported 152)
    [Male] US: +1 new (reported 211)
    [Male] UT: +4 new (reported 267)
    [Male] UV: +6 new (reported 29)
    [Male] UW: +4 new (reported 303)
    [Male] UX: +6 new (reported 30)
    [Male] UY: +20 new (reported 328)
    [Male] UZ: +16 new (reported 53)
    [Male] VE: +2 new (reported 352)
    [Male] VI: +1 new (reported 305)
    [Male] VL: +15 new (reported 37)
    [Male] VN: +3 new (reported 160)
    [Male] VO: +8 new (reported 175)
    [Male] VR: +9 new (reported 30)
    [Male] VU: +10 new (reported 149)
    [Male] VY: +1 new (reported 162)
    [Male] WA: +2 new (reported 732)
    [Male] WB: +2 new (reported 52)
    [Male] WD: +22 new (reported 206)
    [Male] WE: +2 new (reported 478)
    [Male] WF: +4 new (reported 166)
    [Male] WH: +13 new (reported 360)
    [Male] WI: +2 new (reported 592)
    [Male] WK: +4 new (reported 219)
    [Male] WL: +44 new (reported 340)
    [Male] WM: +12 new (reported 49)
    [Male] WN: +38 new (reported 106)
    [Male] WO: +16 new (reported 496)
    [Male] WR: +17 new (reported 149)
    [Male] WS: +14 new (reported 189)
    [Male] WT: +9 new (reported 195)
    [Male] WU: +4 new (reported 331)
    [Male] WY: +8 new (reported 356)
    [Male] XD: +6 new (reported 93)
    [Male] XI: +1 new (reported 117)
    [Male] XL: +15 new (reported 35)
    [Male] XM: +11 new (reported 24)
    [Male] XN: +5 new (reported 168)
    [Male] XR: +1 new (reported 21)
    [Male] XS: +2 new (reported 4)
    [Male] YA: +3 new (reported 472)
    [Male] YB: +7 new (reported 53)
    [Male] YD: +18 new (reported 169)
    [Male] YE: +5 new (reported 390)
    [Male] YI: +3 new (reported 264)
    [Male] YK: +1 new (reported 157)
    [Male] YL: +36 new (reported 242)
    [Male] YM: +9 new (reported 56)
    [Male] YN: +17 new (reported 1528)
    [Male] YO: +30 new (reported 339)
    [Male] YR: +5 new (reported 80)
    [Male] YS: +17 new (reported 75)
    [Male] YT: +20 new (reported 159)
    [Male] YU: +1 new (reported 259)
    [Male] YW: +5 new (reported 295)
    [Male] ZA: +4 new (reported 181)
    [Male] ZE: +7 new (reported 168)
    [Male] ZG: +4 new (reported 33)
    [Male] ZH: +9 new (reported 86)
    [Male] ZI: +4 new (reported 180)
    [Male] ZL: +3 new (reported 37)
    [Male] ZO: +3 new (reported 143)
    [Male] ZR: +1 new (reported 23)
    [Male] ZU: +1 new (reported 128)

--- QLD | Female ---
    [Female] AB: +65 new (reported 112)
    [Female] AC: +63 new (reported 246)
    [Female] AD: +55 new (reported 332)
    [Female] AE: +57 new (reported 385)
    [Female] AF: +70 new (reported 90)
    [Female] AG: +63 new (reported 230)
    [Female] AH: +61 new (reported 470)
    [Female] AI: +55 new (reported 500)
    [Female] AJ: +55 new (reported 45)
    [Female] AK: +62 new (reported 189)
    [Female] AL: +54 new (reported 700)
    [Female] AM: +46 new (reported 597)
    [Female] AN: +49 new (reported 1027)
    [Female] AO: +40 new (reported 363)
    [Female] AP: +61 new (reported 126)
    [Female] AQ: +37 new (reported 39)
    [Female] AR: +52 new (reported 767)
    [Female] AS: +55 new (reported 347)
    [Female] AT: +48 new (reported 501)
    [Female] AU: +67 new (reported 476)
    [Female] AV: +61 new (reported 185)
    [Female] AW: +51 new (reported 556)
    [Female] AX: +31 new (reported 22)
    [Female] AY: +50 new (reported 603)
    [Female] AZ: +55 new (reported 84)
    [Female] BA: +25 new (reported 289)
    [Female] BC: +56 new (reported 57)
    [Female] BD: +66 new (reported 104)
    [Female] BE: +45 new (reported 306)
    [Female] BF: +3 new (reported 7)
    [Female] BG: +2 new (reported 58)
    [Female] BH: +45 new (reported 54)
    [Female] BI: +51 new (reported 130)
    [Female] BJ: +5 new (reported 35)
    [Female] BK: +1 new (reported 56)
    [Female] BL: +61 new (reported 185)
    [Female] BM: +2 new (reported 4)
    [Female] BN: +54 new (reported 61)
    [Female] BO: +51 new (reported 206)
    [Female] BP: +16 new (reported 13)
    [Female] BR: +44 new (reported 263)
    [Female] BS: +61 new (reported 46)
    [Female] BT: +13 new (reported 96)
    [Female] BU: +53 new (reported 200)
    [Female] BW: +4 new (reported 45)
    [Female] BX: +6 new (reported 6)
    [Female] BY: +63 new (reported 92)
    [Female] CA: +34 new (reported 395)
    [Female] CB: +15 new (reported 11)
    [Female] CD: +53 new (reported 315)
    [Female] CE: +55 new (reported 234)
    [Female] CF: +28 new (reported 29)
    [Female] CG: +49 new (reported 190)
    [Female] CH: +44 new (reported 621)
    [Female] CI: +66 new (reported 195)
    [Female] CJ: +1 new (reported 3)
    [Female] CK: +40 new (reported 437)
    [Female] CL: +61 new (reported 334)
    [Female] CM: +58 new (reported 114)
    [Female] CN: +55 new (reported 151)
    [Female] CO: +49 new (reported 508)
    [Female] CP: +6 new (reported 11)
    [Female] CQ: +39 new (reported 155)
    [Female] CR: +50 new (reported 283)
    [Female] CS: +62 new (reported 49)
    [Female] CT: +22 new (reported 286)
    [Female] CU: +58 new (reported 201)
    [Female] CV: +4 new (reported 25)
    [Female] CW: +2 new (reported 156)
    [Female] CX: +16 new (reported 14)
    [Female] CY: +55 new (reported 148)
    [Female] CZ: +41 new (reported 294)
    [Female] DA: +21 new (reported 407)
    [Female] DB: +24 new (reported 27)
    [Female] DC: +32 new (reported 26)
    [Female] DE: +61 new (reported 500)
    [Female] DF: +44 new (reported 42)
    [Female] DG: +53 new (reported 68)
    [Female] DH: +54 new (reported 211)
    [Female] DI: +49 new (reported 307)
    [Female] DJ: +8 new (reported 10)
    [Female] DK: +2 new (reported 23)
    [Female] DL: +64 new (reported 112)
    [Female] DM: +54 new (reported 44)
    [Female] DN: +39 new (reported 274)
    [Female] DO: +33 new (reported 370)
    [Female] DR: +48 new (reported 139)
    [Female] DS: +49 new (reported 155)
    [Female] DT: +44 new (reported 178)
    [Female] DU: +45 new (reported 247)
    [Female] DV: +1 new (reported 32)
    [Female] DW: +36 new (reported 209)
    [Female] DX: +1 new (reported 1)
    [Female] DY: +55 new (reported 213)
    [Female] DZ: +44 new (reported 63)
    [Female] EA: +18 new (reported 533)
    [Female] EB: +39 new (reported 79)
    [Female] EC: +36 new (reported 73)
    [Female] ED: +17 new (reported 282)
    [Female] EF: +44 new (reported 96)
    [Female] EG: +49 new (reported 97)
    [Female] EH: +58 new (reported 404)
    [Female] EI: +49 new (reported 467)
    [Female] EJ: +4 new (reported 12)
    [Female] EK: +43 new (reported 96)
    [Female] EL: +43 new (reported 610)
    [Female] EM: +46 new (reported 223)
    [Female] EN: +45 new (reported 2158)
    [Female] EO: +50 new (reported 402)
    [Female] EP: +50 new (reported 78)
    [Female] EQ: +2 new (reported 38)
    [Female] ER: +12 new (reported 1151)
    [Female] ES: +29 new (reported 427)
    [Female] ET: +30 new (reported 330)
    [Female] EU: +46 new (reported 387)
    [Female] EV: +54 new (reported 127)
    [Female] EW: +39 new (reported 544)
    [Female] EX: +8 new (reported 16)
    [Female] EY: +23 new (reported 698)
    [Female] EZ: +34 new (reported 91)
    [Female] FA: +38 new (reported 160)
    [Female] FB: +30 new (reported 37)
    [Female] FC: +19 new (reported 29)
    [Female] FD: +44 new (reported 51)
    [Female] FE: +25 new (reported 212)
    [Female] FH: +49 new (reported 122)
    [Female] FI: +39 new (reported 220)
    [Female] FJ: +1 new (reported 3)
    [Female] FL: +44 new (reported 57)
    [Female] FM: +3 new (reported 8)
    [Female] FN: +36 new (reported 200)
    [Female] FO: +39 new (reported 237)
    [Female] FR: +29 new (reported 113)
    [Female] FS: +15 new (reported 15)
    [Female] FT: +5 new (reported 63)
    [Female] FU: +26 new (reported 142)
    [Female] FX: +10 new (reported 12)
    [Female] GA: +19 new (reported 410)
    [Female] GC: +42 new (reported 33)
    [Female] GD: +5 new (reported 287)
    [Female] GE: +15 new (reported 554)
    [Female] GF: +1 new (reported 25)
    [Female] GH: +11 new (reported 353)
    [Female] GI: +44 new (reported 378)
    [Female] GK: +2 new (reported 32)
    [Female] GL: +42 new (reported 267)
    [Female] GM: +30 new (reported 92)
    [Female] GN: +24 new (reported 35)
    [Female] GO: +30 new (reported 308)
    [Female] GR: +27 new (reported 337)
    [Female] GS: +21 new (reported 68)
    [Female] GT: +35 new (reported 316)
    [Female] GU: +21 new (reported 264)
    [Female] GW: +6 new (reported 159)
    [Female] GY: +21 new (reported 290)
    [Female] GZ: +1 new (reported 43)
    [Female] HA: +14 new (reported 743)
    [Female] HB: +5 new (reported 47)
    [Female] HC: +20 new (reported 179)
    [Female] HD: +6 new (reported 171)
    [Female] HE: +8 new (reported 537)
    [Female] HF: +5 new (reported 128)
    [Female] HG: +7 new (reported 153)
    [Female] HI: +27 new (reported 339)
    [Female] HJ: +23 new (reported 144)
    [Female] HK: +6 new (reported 157)
    [Female] HL: +40 new (reported 446)
    [Female] HM: +29 new (reported 266)
    [Female] HN: +51 new (reported 76)
    [Female] HO: +26 new (reported 408)
    [Female] HP: +5 new (reported 47)
    [Female] HQ: +2 new (reported 151)
    [Female] HR: +45 new (reported 123)
    [Female] HS: +7 new (reported 152)
    [Female] HT: +34 new (reported 218)
    [Female] HU: +26 new (reported 231)
    [Female] HW: +16 new (reported 17)
    [Female] HY: +62 new (reported 144)
    [Female] HZ: +1 new (reported 144)
    [Female] IA: +18 new (reported 438)
    [Female] IB: +17 new (reported 74)
    [Female] IC: +21 new (reported 217)
    [Female] ID: +5 new (reported 282)
    [Female] IE: +14 new (reported 559)
    [Female] IF: +16 new (reported 85)
    [Female] IG: +2 new (reported 174)
    [Female] IH: +12 new (reported 365)
    [Female] IJ: +22 new (reported 31)
    [Female] IK: +46 new (reported 90)
    [Female] IL: +13 new (reported 618)
    [Female] IM: +27 new (reported 381)
    [Female] IN: +24 new (reported 2085)
    [Female] IO: +34 new (reported 403)
    [Female] IP: +41 new (reported 84)
    [Female] IQ: +1 new (reported 39)
    [Female] IR: +17 new (reported 186)
    [Female] IS: +13 new (reported 316)
    [Female] IT: +35 new (reported 391)
    [Female] IU: +19 new (reported 370)
    [Female] IV: +36 new (reported 114)
    [Female] IW: +9 new (reported 426)
    [Female] IX: +11 new (reported 20)
    [Female] IY: +42 new (reported 404)
    [Female] IZ: +32 new (reported 66)
    [Female] JA: +12 new (reported 476)
    [Female] JB: +6 new (reported 40)
    [Female] JD: +29 new (reported 165)
    [Female] JE: +21 new (reported 421)
    [Female] JF: +17 new (reported 61)
    [Female] JH: +5 new (reported 371)
    [Female] JI: +4 new (reported 359)
    [Female] JL: +16 new (reported 214)
    [Female] JM: +17 new (reported 319)
    [Female] JN: +21 new (reported 1824)
    [Female] JO: +24 new (reported 389)
    [Female] JR: +10 new (reported 22)
    [Female] JS: +14 new (reported 51)
    [Female] JU: +3 new (reported 362)
    Request failed: HTTPSConnectionPool(host='www.ahpra.gov.au', port=443): Max retries exceeded with url: /Registration/Registers-of-Practitioners.aspx (Caused by NameResolutionError("HTTPSConnection(host='www.ahpra.gov.au', port=443): Failed to resolve 'www.ahpra.gov.au' ([Errno 8] nodename nor servname provided, or not known)"))
    [Female] KA: +17 new (reported 227)
    [Female] KB: +3 new (reported 13)
    [Female] KD: +1 new (reported 285)
    [Female] KE: +13 new (reported 542)
    [Female] KH: +27 new (reported 208)
    [Female] KI: +20 new (reported 351)
    [Female] KJ: +1 new (reported 4)
    [Female] KL: +24 new (reported 249)
    [Female] KM: +7 new (reported 98)
    [Female] KN: +15 new (reported 35)
    [Female] KO: +24 new (reported 240)
    [Female] KR: +25 new (reported 233)
    [Female] KS: +54 new (reported 105)
    [Female] KT: +1 new (reported 287)
    [Female] KU: +31 new (reported 207)
    [Female] KV: +1 new (reported 23)
    [Female] KW: +17 new (reported 167)
    [Female] KY: +7 new (reported 155)
    [Female] KZ: +9 new (reported 54)
    [Female] LA: +21 new (reported 855)
    [Female] LB: +22 new (reported 39)
    [Female] LC: +46 new (reported 51)
    [Female] LD: +12 new (reported 175)
    [Female] LE: +49 new (reported 721)
    [Female] LF: +24 new (reported 45)
    [Female] LG: +13 new (reported 33)
    [Female] LH: +20 new (reported 435)
    [Female] LI: +12 new (reported 707)
    [Female] LJ: +2 new (reported 5)
    [Female] LK: +48 new (reported 72)
    [Female] LM: +44 new (reported 101)
    [Female] LN: +19 new (reported 174)
    [Female] LO: +35 new (reported 619)
    [Female] LP: +10 new (reported 17)
    [Female] LR: +18 new (reported 134)
    [Female] LS: +39 new (reported 844)
    [Female] LT: +42 new (reported 95)
    [Female] LU: +35 new (reported 465)
    [Female] LV: +25 new (reported 72)
    [Female] LW: +15 new (reported 437)
    [Female] LY: +38 new (reported 525)
    [Female] LZ: +18 new (reported 739)
    [Female] MA: +7 new (reported 596)
    [Female] MB: +21 new (reported 66)
    [Female] MC: +11 new (reported 334)
    [Female] MD: +32 new (reported 38)
    [Female] ME: +14 new (reported 423)
    [Female] MF: +4 new (reported 16)
    [Female] MG: +33 new (reported 52)
    [Female] MH: +4 new (reported 230)
    [Female] MI: +12 new (reported 447)
    [Female] MJ: +3 new (reported 11)
    [Female] ML: +33 new (reported 46)
    [Female] MN: +44 new (reported 79)
    [Female] MO: +19 new (reported 485)
    [Female] MP: +23 new (reported 108)
    [Female] MQ: +2 new (reported 48)
    [Female] MR: +4 new (reported 940)
    [Female] MS: +23 new (reported 109)
    [Female] MU: +23 new (reported 357)
    [Female] MW: +4 new (reported 234)
    [Female] MX: +1 new (reported 2)
    [Female] MY: +17 new (reported 237)
    [Female] MZ: +15 new (reported 17)
    [Female] NA: +3 new (reported 354)
    [Female] NB: +13 new (reported 21)
    [Female] NC: +5 new (reported 138)
    [Female] ND: +6 new (reported 313)
    [Female] NE: +4 new (reported 428)
    [Female] NF: +6 new (reported 19)
    [Female] NG: +6 new (reported 563)
    [Female] NH: +19 new (reported 38)
    [Female] NI: +4 new (reported 192)
    [Female] NJ: +4 new (reported 8)
    [Female] NK: +11 new (reported 110)
    [Female] NL: +40 new (reported 45)
    [Female] NM: +19 new (reported 50)
    [Female] NO: +15 new (reported 203)
    [Female] NP: +4 new (reported 10)
    [Female] NQ: +29 new (reported 42)
    [Female] NR: +32 new (reported 59)
    [Female] NS: +5 new (reported 360)
    [Female] NT: +14 new (reported 197)
    [Female] NU: +38 new (reported 54)
    [Female] NV: +2 new (reported 9)
    [Female] NW: +15 new (reported 35)
    [Female] NY: +19 new (reported 36)
    [Female] NZ: +39 new (reported 44)
    [Female] OA: +18 new (reported 384)
    [Female] OB: +7 new (reported 148)
    [Female] OC: +21 new (reported 139)
    [Female] OD: +2 new (reported 338)
    [Female] OE: +11 new (reported 400)
    [Female] OF: +3 new (reported 82)
    [Female] OG: +19 new (reported 104)
    [Female] OH: +15 new (reported 448)
    [Female] OI: +12 new (reported 373)
    [Female] OJ: +3 new (reported 14)
    [Female] OK: +11 new (reported 91)
    [Female] OL: +2 new (reported 447)
    [Female] OM: +8 new (reported 442)
    [Female] ON: +10 new (reported 2627)
    [Female] OP: +30 new (reported 120)
    [Female] OS: +7 new (reported 229)
    [Female] OT: +13 new (reported 285)
    [Female] OU: +13 new (reported 537)
    [Female] OV: +22 new (reported 117)
    [Female] OW: +12 new (reported 654)
    [Female] OX: +7 new (reported 35)
    [Female] OY: +20 new (reported 355)
    [Female] OZ: +10 new (reported 60)
    [Female] PA: +9 new (reported 216)
    [Female] PB: +30 new (reported 74)
    [Female] PD: +2 new (reported 95)
    [Female] PE: +3 new (reported 238)
    [Female] PH: +5 new (reported 204)
    [Female] PI: +14 new (reported 108)
    [Female] PK: +2 new (reported 63)
    [Female] PL: +22 new (reported 155)
    [Female] PM: +7 new (reported 14)
    [Female] PO: +6 new (reported 151)
    [Female] PR: +36 new (reported 103)
    [Female] PS: +16 new (reported 214)
    [Female] PT: +6 new (reported 107)
    [Female] PU: +20 new (reported 84)
    [Female] QA: +2 new (reported 152)
    [Female] QL: +4 new (reported 220)
    [Female] QM: +5 new (reported 89)
    [Female] QN: +11 new (reported 129)
    [Female] QR: +7 new (reported 191)
    [Female] QU: +14 new (reported 193)
    [Female] RA: +4 new (reported 616)
    [Female] RB: +31 new (reported 51)
    [Female] RC: +26 new (reported 74)
    [Female] RD: +5 new (reported 411)
    [Female] RE: +6 new (reported 457)
    [Female] RF: +7 new (reported 15)
    [Female] RG: +24 new (reported 117)
    [Female] RH: +18 new (reported 81)
    [Female] RJ: +6 new (reported 9)
    [Female] RK: +17 new (reported 142)
    [Female] RL: +35 new (reported 87)
    [Female] RM: +15 new (reported 100)
    [Female] RN: +12 new (reported 297)
    [Female] RP: +18 new (reported 48)
    [Female] RQ: +9 new (reported 23)
    [Female] RS: +14 new (reported 422)
    [Female] RT: +12 new (reported 428)
    [Female] RU: +21 new (reported 178)
    [Female] RV: +21 new (reported 38)
    [Female] RW: +22 new (reported 105)
    [Female] RY: +16 new (reported 197)
    [Female] RZ: +9 new (reported 224)
    [Female] SA: +10 new (reported 304)
    [Female] SB: +23 new (reported 35)
    [Female] SC: +7 new (reported 134)
    [Female] SD: +35 new (reported 65)
    [Female] SE: +3 new (reported 450)
    [Female] SF: +14 new (reported 112)
    [Female] SG: +15 new (reported 37)
    [Female] SH: +24 new (reported 325)
    [Female] SI: +3 new (reported 296)
    [Female] SJ: +3 new (reported 8)
    [Female] SK: +11 new (reported 107)
    [Female] SL: +41 new (reported 130)
    [Female] SM: +36 new (reported 148)
    [Female] SN: +24 new (reported 246)
    [Female] SO: +6 new (reported 640)
    [Female] SP: +23 new (reported 44)
    [Female] SR: +8 new (reported 323)
    [Female] ST: +1 new (reported 403)
    [Female] SU: +7 new (reported 195)
    [Female] SV: +2 new (reported 110)
    [Female] SW: +14 new (reported 302)
    [Female] SX: +2 new (reported 4)
    [Female] SY: +7 new (reported 154)
    [Female] SZ: +1 new (reported 269)
    [Female] TA: +5 new (reported 384)
    [Female] TB: +2 new (reported 28)
    [Female] TC: +23 new (reported 81)
    [Female] TD: +1 new (reported 167)
    [Female] TE: +5 new (reported 501)
    [Female] TF: +2 new (reported 37)
    [Female] TG: +4 new (reported 27)
    [Female] TH: +1 new (reported 456)
    [Female] TI: +8 new (reported 339)
    [Female] TJ: +3 new (reported 15)
    [Female] TK: +7 new (reported 37)
    [Female] TL: +33 new (reported 111)
    [Female] TM: +7 new (reported 33)
    [Female] TN: +26 new (reported 302)
    [Female] TO: +1 new (reported 487)
    [Female] TR: +12 new (reported 180)
    [Female] TS: +21 new (reported 145)
    [Female] TU: +11 new (reported 240)
    [Female] TW: +6 new (reported 183)
    [Female] TY: +13 new (reported 201)
    [Female] TZ: +19 new (reported 92)
    [Female] UA: +10 new (reported 388)
    [Female] UB: +3 new (reported 66)
    [Female] UC: +10 new (reported 87)
    [Female] UD: +7 new (reported 217)
    [Female] UE: +8 new (reported 414)
    [Female] UF: +5 new (reported 85)
    [Female] UG: +2 new (reported 124)
    [Female] UH: +2 new (reported 376)
    [Female] UI: +7 new (reported 397)
    [Female] UK: +3 new (reported 62)
    [Female] UM: +3 new (reported 371)
    [Female] UN: +18 new (reported 1969)
    [Female] UO: +2 new (reported 370)
    [Female] US: +5 new (reported 190)
    [Female] UT: +1 new (reported 279)
    [Female] UV: +2 new (reported 64)
    [Female] UW: +2 new (reported 424)
    [Female] UX: +3 new (reported 15)
    [Female] UY: +11 new (reported 388)
    [Female] UZ: +3 new (reported 58)
    [Female] VA: +2 new (reported 326)
    [Female] VE: +1 new (reported 323)
    [Female] VL: +3 new (reported 22)
    [Female] VO: +1 new (reported 147)
    [Female] VR: +12 new (reported 43)
    [Female] VS: +1 new (reported 13)
    [Female] VY: +1 new (reported 127)
    [Female] WA: +3 new (reported 745)
    [Female] WB: +5 new (reported 48)
    [Female] WD: +2 new (reported 174)
    [Female] WE: +2 new (reported 594)
    [Female] WF: +3 new (reported 127)
    [Female] WH: +19 new (reported 420)
    [Female] WK: +2 new (reported 161)
    [Female] WL: +27 new (reported 456)
    [Female] WM: +8 new (reported 237)
    [Female] WN: +37 new (reported 71)
    [Female] WO: +17 new (reported 561)
    [Female] WR: +17 new (reported 109)
    [Female] WS: +18 new (reported 215)
    [Female] WT: +7 new (reported 173)
    [Female] WY: +6 new (reported 433)
    [Female] XA: +1 new (reported 148)
    [Female] XD: +4 new (reported 55)
    [Female] XF: +1 new (reported 107)
    [Female] XL: +16 new (reported 59)
    [Female] XM: +6 new (reported 32)
    [Female] XN: +9 new (reported 119)
    [Female] XS: +2 new (reported 18)
    [Female] YA: +6 new (reported 489)
    [Female] YB: +1 new (reported 41)
    [Female] YC: +2 new (reported 54)
    [Female] YD: +13 new (reported 183)
    [Female] YE: +2 new (reported 385)
    [Female] YG: +2 new (reported 39)
    [Female] YL: +17 new (reported 279)
    [Female] YM: +9 new (reported 311)
    [Female] YN: +24 new (reported 1746)
    [Female] YO: +21 new (reported 405)
    [Female] YR: +3 new (reported 41)
    [Female] YS: +9 new (reported 70)
    [Female] YT: +3 new (reported 191)
    [Female] YV: +1 new (reported 60)
    [Female] YW: +4 new (reported 420)
    [Female] ZA: +1 new (reported 196)
    [Female] ZE: +4 new (reported 169)
    [Female] ZH: +10 new (reported 149)
    [Female] ZI: +1 new (reported 174)
    [Female] ZU: +2 new (reported 159)
    [Female] ZW: +1 new (reported 146)

--- QLD | No gender filter ---
    [Any] A: +9 new (reported 1147)
    [Any] C: +1 new (reported 3180)
    [Any] E: +4 new (reported 2388)
    [Any] F: +4 new (reported 1364)
    [Any] G: +3 new (reported 3429)
    [Any] I: +6 new (reported 2730)
    [Any] K: +4 new (reported 2694)
    [Any] L: +6 new (reported 3340)
    [Any] O: +2 new (reported 4625)
    [Any] S: +4 new (reported 4118)
    [Any] U: +9 new (reported 3094)
    [Any] V: +1 new (reported 1359)
    [Any] Y: +4 new (reported 2714)

[QLD] Done. Added 15,724 new. Total in file: 17,334


============================================================
  WA — 2,152 practitioners already collected
============================================================


--- WA | Male ---
    [Male] AB: +60 new (reported 92)
    [Male] AC: +71 new (reported 142)
    [Male] AD: +51 new (reported 177)
    [Male] AE: +71 new (reported 210)
    [Male] AF: +43 new (reported 43)
    [Male] AG: +42 new (reported 162)
    [Male] AH: +59 new (reported 299)
    [Male] AI: +66 new (reported 278)
    [Male] AJ: +41 new (reported 39)
    [Male] AK: +63 new (reported 151)
    [Male] AL: +48 new (reported 377)
    [Male] AM: +54 new (reported 220)
    [Male] AN: +69 new (reported 942)
    [Male] AO: +17 new (reported 220)
    [Male] AP: +45 new (reported 94)
    [Male] AQ: +44 new (reported 75)
    [Male] AR: +54 new (reported 519)
    [Male] AS: +49 new (reported 201)
    [Male] AT: +60 new (reported 289)
    [Male] AU: +64 new (reported 282)
    [Male] AV: +52 new (reported 96)
    [Male] AW: +47 new (reported 294)
    [Male] AX: +23 new (reported 21)
    [Male] AY: +47 new (reported 331)
    [Male] AZ: +47 new (reported 62)
    [Male] BA: +13 new (reported 198)
    [Male] BC: +17 new (reported 12)
    [Male] BD: +30 new (reported 33)
    [Male] BE: +42 new (reported 176)
    [Male] BF: +5 new (reported 3)
    [Male] BG: +2 new (reported 13)
    [Male] BH: +33 new (reported 44)
    [Male] BI: +54 new (reported 98)
    [Male] BJ: +1 new (reported 4)
    [Male] BL: +47 new (reported 233)
    [Male] BM: +7 new (reported 8)
    [Male] BN: +52 new (reported 57)
    [Male] BO: +40 new (reported 125)
    [Male] BP: +3 new (reported 9)
    [Male] BR: +48 new (reported 167)
    [Male] BS: +36 new (reported 33)
    [Male] BU: +39 new (reported 116)
    [Male] BX: +2 new (reported 2)
    [Male] BY: +21 new (reported 48)
    [Male] CA: +43 new (reported 229)
    [Male] CB: +3 new (reported 5)
    [Male] CD: +41 new (reported 74)
    [Male] CE: +41 new (reported 112)
    [Male] CF: +9 new (reported 11)
    [Male] CG: +46 new (reported 140)
    [Male] CH: +42 new (reported 392)
    [Male] CI: +43 new (reported 102)
    [Male] CK: +35 new (reported 268)
    [Male] CL: +47 new (reported 117)
    [Male] CM: +35 new (reported 32)
    [Male] CN: +44 new (reported 121)
    [Male] CO: +35 new (reported 284)
    [Male] CP: +2 new (reported 6)
    [Male] CQ: +23 new (reported 128)
    [Male] CR: +43 new (reported 140)
    [Male] CS: +11 new (reported 12)
    [Male] CT: +16 new (reported 62)
    [Male] CU: +55 new (reported 163)
    [Male] CW: +10 new (reported 124)
    [Male] CX: +3 new (reported 3)
    [Male] CY: +42 new (reported 71)
    [Male] CZ: +30 new (reported 164)
    [Male] DA: +20 new (reported 252)
    [Male] DB: +20 new (reported 25)
    [Male] DC: +23 new (reported 26)
    [Male] DE: +50 new (reported 311)
    [Male] DF: +19 new (reported 17)
    [Male] DG: +19 new (reported 45)
    [Male] DH: +42 new (reported 152)
    [Male] DI: +37 new (reported 209)
    [Male] DJ: +3 new (reported 6)
    [Male] DK: +3 new (reported 23)
    [Male] DL: +47 new (reported 52)
    [Male] DM: +32 new (reported 31)
    [Male] DN: +52 new (reported 128)
    [Male] DO: +24 new (reported 223)
    [Male] DR: +57 new (reported 94)
    [Male] DS: +61 new (reported 81)
    [Male] DT: +21 new (reported 120)
    [Male] DU: +33 new (reported 148)
    [Male] DW: +20 new (reported 140)
    [Male] DY: +31 new (reported 154)
    [Male] DZ: +28 new (reported 36)
    [Male] EA: +18 new (reported 326)
    [Male] EB: +35 new (reported 65)
    [Male] EC: +16 new (reported 89)
    [Male] ED: +20 new (reported 146)
    [Male] EF: +13 new (reported 32)
    [Male] EG: +35 new (reported 116)
    [Male] EH: +22 new (reported 235)
    [Male] EI: +58 new (reported 234)
    [Male] EJ: +9 new (reported 20)
    [Male] EK: +29 new (reported 111)
    [Male] EL: +22 new (reported 333)
    [Male] EM: +42 new (reported 80)
    [Male] EN: +33 new (reported 857)
    [Male] EO: +34 new (reported 229)
    [Male] EP: +29 new (reported 56)
    [Male] EQ: +1 new (reported 72)
    [Male] ER: +27 new (reported 538)
    [Male] ES: +37 new (reported 196)
    [Male] ET: +36 new (reported 168)
    [Male] EU: +18 new (reported 220)
    [Male] EV: +34 new (reported 61)
    [Male] EW: +45 new (reported 279)
    [Male] EX: +15 new (reported 22)
    [Male] EY: +30 new (reported 394)
    [Male] EZ: +16 new (reported 53)
    [Male] FA: +33 new (reported 143)
    [Male] FC: +10 new (reported 12)
    [Male] FD: +32 new (reported 35)
    [Male] FE: +44 new (reported 153)
    [Male] FH: +20 new (reported 106)
    [Male] FI: +49 new (reported 159)
    [Male] FJ: +1 new (reported 7)
    [Male] FL: +35 new (reported 44)
    [Male] FM: +13 new (reported 16)
    [Male] FN: +26 new (reported 90)
    [Male] FO: +28 new (reported 166)
    [Male] FR: +21 new (reported 37)
    [Male] FS: +5 new (reported 12)
    [Male] FT: +6 new (reported 47)
    [Male] FU: +5 new (reported 110)
    [Male] FW: +2 new (reported 105)
    [Male] FX: +1 new (reported 3)
    [Male] FY: +2 new (reported 107)
    [Male] GA: +13 new (reported 265)
    [Male] GB: +2 new (reported 18)
    [Male] GC: +45 new (reported 44)
    [Male] GD: +1 new (reported 60)
    [Male] GE: +15 new (reported 277)
    [Male] GH: +21 new (reported 248)
    [Male] GI: +30 new (reported 210)
    [Male] GL: +30 new (reported 90)
    [Male] GN: +15 new (reported 16)
    [Male] GO: +22 new (reported 196)
    [Male] GP: +1 new (reported 5)
    [Male] GR: +31 new (reported 148)
    [Male] GS: +18 new (reported 29)
    [Male] GT: +9 new (reported 65)
    [Male] GU: +22 new (reported 194)
    [Male] GV: +1 new (reported 12)
    [Male] GW: +5 new (reported 130)
    [Male] GY: +4 new (reported 164)
    [Male] HA: +6 new (reported 435)
    [Male] HC: +2 new (reported 130)
    [Male] HD: +2 new (reported 119)
    [Male] HE: +4 new (reported 333)
    [Male] HF: +1 new (reported 106)
    [Male] HI: +29 new (reported 273)
    [Male] HJ: +25 new (reported 49)
    [Male] HL: +24 new (reported 181)
    [Male] HM: +23 new (reported 41)
    [Male] HN: +38 new (reported 48)
    [Male] HO: +30 new (reported 240)
    [Male] HQ: +2 new (reported 123)
    [Male] HR: +32 new (reported 63)
    [Male] HS: +2 new (reported 73)
    [Male] HT: +20 new (reported 155)
    [Male] HU: +26 new (reported 149)
    [Male] HW: +4 new (reported 9)
    [Male] HY: +38 new (reported 134)
    [Male] HZ: +4 new (reported 66)
    [Male] IA: +17 new (reported 290)
    [Male] IB: +13 new (reported 75)
    [Male] IC: +3 new (reported 153)
    [Male] ID: +15 new (reported 145)
    [Male] IE: +6 new (reported 315)
    [Male] IF: +5 new (reported 42)
    [Male] IG: +3 new (reported 137)
    [Male] IH: +2 new (reported 209)
    [Male] IJ: +4 new (reported 22)
    [Male] IK: +18 new (reported 110)
    [Male] IL: +11 new (reported 312)
    [Male] IM: +32 new (reported 115)
    [Male] IN: +37 new (reported 924)
    [Male] IO: +9 new (reported 237)
    [Male] IP: +11 new (reported 57)
    [Male] IQ: +1 new (reported 74)
    [Male] IR: +17 new (reported 96)
    [Male] IS: +9 new (reported 190)
    [Male] IT: +31 new (reported 220)
    [Male] IU: +10 new (reported 218)
    [Male] IV: +32 new (reported 60)
    [Male] IW: +2 new (reported 218)
    [Male] IX: +4 new (reported 17)
    [Male] IY: +19 new (reported 247)
    [Male] IZ: +12 new (reported 50)
    [Male] JA: +17 new (reported 274)
    [Male] JC: +4 new (reported 76)
    [Male] JD: +15 new (reported 79)
    [Male] JE: +13 new (reported 257)
    [Male] JI: +3 new (reported 216)
    [Male] JL: +25 new (reported 100)
    [Male] JM: +19 new (reported 34)
    [Male] JN: +7 new (reported 658)
    [Male] JO: +20 new (reported 265)
    [Male] JR: +5 new (reported 18)
    [Male] JU: +7 new (reported 231)
    [Male] KA: +10 new (reported 208)
    [Male] KB: +1 new (reported 8)
    [Male] KD: +4 new (reported 62)
    [Male] KE: +6 new (reported 303)
    [Male] KH: +13 new (reported 182)
    [Male] KI: +9 new (reported 245)
    [Male] KL: +27 new (reported 68)
    [Male] KM: +2 new (reported 32)
    [Male] KN: +8 new (reported 23)
    [Male] KO: +17 new (reported 180)
    [Male] KR: +19 new (reported 101)
    [Male] KS: +19 new (reported 39)
    [Male] KT: +5 new (reported 58)
    [Male] KU: +16 new (reported 161)
    [Male] KW: +3 new (reported 133)
    [Male] KX: +2 new (reported 4)
    [Male] KY: +2 new (reported 119)
    [Male] KZ: +2 new (reported 20)
    [Male] LA: +18 new (reported 484)
    [Male] LB: +11 new (reported 23)
    [Male] LC: +18 new (reported 75)
    [Male] LD: +11 new (reported 69)
    [Male] LE: +44 new (reported 462)
    [Male] LF: +19 new (reported 42)
    [Male] LG: +1 new (reported 75)
    [Male] LH: +9 new (reported 174)
    [Male] LI: +2 new (reported 391)
    [Male] LK: +16 new (reported 96)
    [Male] LM: +33 new (reported 106)
    [Male] LN: +17 new (reported 48)
    [Male] LO: +16 new (reported 291)
    [Male] LP: +6 new (reported 10)
    [Male] LQ: +7 new (reported 68)
    [Male] LR: +5 new (reported 17)
    [Male] LS: +44 new (reported 115)
    [Male] LT: +33 new (reported 45)
    [Male] LU: +18 new (reported 201)
    [Male] LV: +7 new (reported 49)
    [Male] LW: +7 new (reported 176)
    [Male] LX: +1 new (reported 11)
    [Male] LY: +19 new (reported 231)
    [Male] LZ: +14 new (reported 49)
    [Male] MB: +13 new (reported 39)
    [Male] MC: +2 new (reported 120)
    [Male] MD: +14 new (reported 30)
    [Male] ME: +6 new (reported 138)
    [Male] MG: +5 new (reported 20)
    [Male] MI: +9 new (reported 154)
    [Male] ML: +12 new (reported 15)
    [Male] MN: +22 new (reported 41)
    [Male] MO: +11 new (reported 148)
    [Male] MP: +17 new (reported 40)
    [Male] MR: +20 new (reported 61)
    [Male] MS: +39 new (reported 62)
    [Male] MT: +1 new (reported 28)
    [Male] MU: +3 new (reported 115)
    [Male] MY: +5 new (reported 34)
    [Male] MZ: +8 new (reported 10)
    [Male] NA: +3 new (reported 187)
    [Male] NB: +5 new (reported 21)
    [Male] NC: +8 new (reported 96)
    [Male] ND: +5 new (reported 184)
    [Male] NE: +2 new (reported 283)
    [Male] NF: +1 new (reported 7)
    [Male] NG: +5 new (reported 306)
    [Male] NH: +6 new (reported 26)
    [Male] NI: +1 new (reported 140)
    [Male] NJ: +2 new (reported 14)
    [Male] NK: +19 new (reported 82)
    [Male] NL: +19 new (reported 81)
    [Male] NM: +3 new (reported 8)
    [Male] NO: +16 new (reported 96)
    [Male] NP: +1 new (reported 5)
    [Male] NQ: +20 new (reported 47)
    [Male] NR: +7 new (reported 14)
    [Male] NS: +4 new (reported 187)
    [Male] NT: +10 new (reported 97)
    [Male] NU: +7 new (reported 26)
    [Male] NV: +2 new (reported 4)
    [Male] NW: +4 new (reported 21)
    [Male] NY: +13 new (reported 34)
    [Male] NZ: +14 new (reported 13)
    [Male] OA: +8 new (reported 225)
    [Male] OB: +23 new (reported 98)
    [Male] OC: +9 new (reported 125)
    [Male] OD: +5 new (reported 176)
    [Male] OE: +3 new (reported 230)
    [Male] OF: +4 new (reported 49)
    [Male] OG: +12 new (reported 109)
    [Male] OH: +3 new (reported 282)
    [Male] OI: +4 new (reported 214)
    [Male] OK: +10 new (reported 116)
    [Male] OL: +5 new (reported 234)
    [Male] OM: +10 new (reported 118)
    [Male] ON: +14 new (reported 1084)
    [Male] OP: +18 new (reported 63)
    [Male] OR: +2 new (reported 258)
    [Male] OS: +13 new (reported 126)
    [Male] OT: +15 new (reported 138)
    [Male] OU: +7 new (reported 303)
    [Male] OV: +10 new (reported 57)
    [Male] OW: +4 new (reported 351)
    [Male] OX: +4 new (reported 20)
    [Male] OY: +9 new (reported 253)
    [Male] OZ: +4 new (reported 42)
    [Male] PA: +13 new (reported 162)
    [Male] PE: +13 new (reported 124)
    [Male] PH: +1 new (reported 148)
    [Male] PI: +9 new (reported 61)
    [Male] PL: +4 new (reported 217)
    [Male] PM: +3 new (reported 17)
    [Male] PO: +20 new (reported 81)
    [Male] PR: +18 new (reported 104)
    [Male] PT: +2 new (reported 31)
    [Male] PU: +5 new (reported 51)
    [Male] QA: +4 new (reported 128)
    [Male] QL: +10 new (reported 51)
    [Male] QR: +9 new (reported 82)
    [Male] QU: +10 new (reported 155)
    [Male] RB: +19 new (reported 34)
    [Male] RC: +18 new (reported 43)
    [Male] RD: +1 new (reported 166)
    [Male] RE: +3 new (reported 235)
    [Male] RF: +2 new (reported 18)
    [Male] RG: +14 new (reported 63)
    [Male] RH: +5 new (reported 54)
    [Male] RJ: +7 new (reported 20)
    [Male] RK: +12 new (reported 79)
    [Male] RL: +21 new (reported 45)
    [Male] RM: +17 new (reported 70)
    [Male] RN: +15 new (reported 157)
    [Male] RP: +1 new (reported 30)
    [Male] RS: +5 new (reported 215)
    [Male] RT: +8 new (reported 177)
    [Male] RU: +10 new (reported 109)
    [Male] RV: +8 new (reported 22)
    [Male] RW: +8 new (reported 57)
    [Male] RX: +2 new (reported 2)
    [Male] RY: +15 new (reported 120)
    [Male] RZ: +13 new (reported 88)
    [Male] SA: +1 new (reported 179)
    [Male] SB: +3 new (reported 17)
    [Male] SC: +11 new (reported 70)
    [Male] SD: +9 new (reported 58)
    [Male] SF: +2 new (reported 30)
    [Male] SG: +2 new (reported 18)
    [Male] SH: +9 new (reported 241)
    [Male] SK: +13 new (reported 54)
    [Male] SL: +18 new (reported 43)
    [Male] SM: +22 new (reported 93)
    [Male] SN: +15 new (reported 208)
    Request failed: HTTPSConnectionPool(host='www.ahpra.gov.au', port=443): Max retries exceeded with url: /Registration/Registers-of-Practitioners.aspx (Caused by NameResolutionError("HTTPSConnection(host='www.ahpra.gov.au', port=443): Failed to resolve 'www.ahpra.gov.au' ([Errno 8] nodename nor servname provided, or not known)"))
    [Male] SP: +9 new (reported 28)
    [Male] SR: +7 new (reported 16)
    [Male] SU: +14 new (reported 103)
    [Male] SW: +4 new (reported 181)
    [Male] SY: +2 new (reported 80)
    [Male] SZ: +1 new (reported 160)
    [Male] TA: +3 new (reported 289)
    [Male] TC: +12 new (reported 51)
    [Male] TI: +5 new (reported 196)
    [Male] TK: +4 new (reported 30)
    [Male] TL: +15 new (reported 49)
    [Male] TM: +3 new (reported 31)
    [Male] TN: +4 new (reported 136)
    [Male] TO: +3 new (reported 271)
    [Male] TR: +9 new (reported 99)
    [Male] TS: +15 new (reported 78)
    [Male] TU: +18 new (reported 146)
    [Male] TW: +3 new (reported 122)
    [Male] TY: +6 new (reported 138)
    [Male] TZ: +8 new (reported 48)
    [Male] UA: +6 new (reported 228)
    [Male] UB: +2 new (reported 52)
    [Male] UD: +4 new (reported 115)
    [Male] UE: +4 new (reported 238)
    [Male] UG: +3 new (reported 124)
    [Male] UH: +2 new (reported 214)
    [Male] UI: +1 new (reported 254)
    [Male] UK: +3 new (reported 100)
    [Male] UL: +3 new (reported 183)
    [Male] UM: +1 new (reported 70)
    [Male] US: +1 new (reported 108)
    [Male] UT: +4 new (reported 131)
    [Male] UX: +2 new (reported 17)
    [Male] UY: +9 new (reported 237)
    [Male] UZ: +6 new (reported 53)
    [Male] VE: +2 new (reported 195)
    [Male] VI: +3 new (reported 174)
    [Male] VY: +3 new (reported 108)
    [Male] WB: +2 new (reported 30)
    [Male] WD: +5 new (reported 125)
    [Male] WE: +4 new (reported 283)
    [Male] WH: +5 new (reported 235)
    [Male] WK: +4 new (reported 127)
    [Male] WL: +4 new (reported 189)
    [Male] WN: +24 new (reported 41)
    [Male] WO: +10 new (reported 309)
    [Male] WR: +4 new (reported 64)
    [Male] WS: +11 new (reported 98)
    [Male] WT: +1 new (reported 122)
    [Male] XM: +4 new (reported 26)
    [Male] XN: +7 new (reported 110)
    [Male] XR: +2 new (reported 11)
    [Male] YB: +1 new (reported 41)
    [Male] YD: +1 new (reported 84)
    [Male] YE: +2 new (reported 267)
    [Male] YL: +12 new (reported 137)
    [Male] YM: +2 new (reported 35)
    [Male] YN: +1 new (reported 659)
    [Male] YO: +9 new (reported 222)
    [Male] YS: +2 new (reported 46)
    [Male] YT: +1 new (reported 90)
    [Male] YU: +2 new (reported 202)
    [Male] YW: +2 new (reported 217)
    [Male] ZA: +2 new (reported 106)
    [Male] ZH: +1 new (reported 44)
    [Male] ZI: +2 new (reported 91)

--- WA | Female ---
    [Female] AB: +58 new (reported 77)
    [Female] AC: +66 new (reported 125)
    [Female] AD: +58 new (reported 171)
    [Female] AE: +49 new (reported 238)
    [Female] AF: +53 new (reported 70)
    [Female] AG: +56 new (reported 114)
    [Female] AH: +54 new (reported 284)
    [Female] AI: +52 new (reported 289)
    [Female] AJ: +48 new (reported 36)
    [Female] AK: +53 new (reported 95)
    [Female] AL: +47 new (reported 366)
    [Female] AM: +55 new (reported 321)
    [Female] AN: +56 new (reported 624)
    [Female] AO: +12 new (reported 227)
    [Female] AP: +44 new (reported 70)
    [Female] AQ: +13 new (reported 16)
    [Female] AR: +45 new (reported 422)
    [Female] AS: +38 new (reported 199)
    [Female] AT: +49 new (reported 278)
    [Female] AU: +65 new (reported 269)
    [Female] AV: +53 new (reported 120)
    [Female] AW: +51 new (reported 351)
    [Female] AX: +11 new (reported 11)
    [Female] AY: +42 new (reported 344)
    [Female] AZ: +60 new (reported 51)
    [Female] BA: +30 new (reported 176)
    [Female] BC: +32 new (reported 33)
    [Female] BD: +50 new (reported 51)
    [Female] BE: +38 new (reported 187)
    [Female] BH: +57 new (reported 55)
    [Female] BI: +48 new (reported 93)
    [Female] BJ: +1 new (reported 17)
    [Female] BL: +54 new (reported 77)
    [Female] BM: +1 new (reported 1)
    [Female] BN: +40 new (reported 33)
    [Female] BO: +48 new (reported 132)
    [Female] BP: +9 new (reported 8)
    [Female] BR: +36 new (reported 139)
    [Female] BS: +26 new (reported 23)
    [Female] BT: +4 new (reported 41)
    [Female] BU: +31 new (reported 100)
    [Female] BW: +5 new (reported 44)
    [Female] BX: +2 new (reported 2)
    [Female] BY: +17 new (reported 62)
    [Female] BZ: +1 new (reported 10)
    [Female] CA: +18 new (reported 207)
    [Female] CB: +3 new (reported 6)
    [Female] CD: +39 new (reported 176)
    [Female] CE: +48 new (reported 168)
    [Female] CF: +8 new (reported 8)
    [Female] CG: +51 new (reported 91)
    [Female] CH: +27 new (reported 326)
    [Female] CI: +53 new (reported 132)
    [Female] CK: +32 new (reported 221)
    [Female] CL: +43 new (reported 166)
    [Female] CM: +48 new (reported 57)
    [Female] CN: +43 new (reported 74)
    [Female] CO: +46 new (reported 253)
    [Female] CP: +1 new (reported 8)
    [Female] CQ: +15 new (reported 83)
    [Female] CR: +54 new (reported 172)
    [Female] CS: +18 new (reported 18)
    [Female] CT: +13 new (reported 164)
    [Female] CU: +31 new (reported 114)
    [Female] CV: +2 new (reported 11)
    [Female] CW: +3 new (reported 82)
    [Female] CX: +4 new (reported 4)
    [Female] CY: +34 new (reported 109)
    [Female] CZ: +28 new (reported 188)
    [Female] DA: +19 new (reported 233)
    [Female] DB: +5 new (reported 15)
    [Female] DC: +8 new (reported 12)
    [Female] DE: +40 new (reported 256)
    [Female] DF: +22 new (reported 23)
    [Female] DG: +16 new (reported 27)
    [Female] DH: +33 new (reported 117)
    [Female] DI: +31 new (reported 198)
    [Female] DJ: +2 new (reported 2)
    [Female] DL: +31 new (reported 68)
    [Female] DM: +21 new (reported 24)
    [Female] DN: +32 new (reported 177)
    [Female] DO: +28 new (reported 230)
    [Female] DR: +48 new (reported 74)
    [Female] DS: +45 new (reported 92)
    [Female] DT: +9 new (reported 106)
    [Female] DU: +30 new (reported 143)
    [Female] DW: +5 new (reported 116)
    [Female] DY: +24 new (reported 132)
    [Female] DZ: +20 new (reported 40)
    [Female] EA: +19 new (reported 304)
    [Female] EB: +27 new (reported 57)
    [Female] EC: +5 new (reported 36)
    [Female] ED: +11 new (reported 192)
    [Female] EF: +20 new (reported 58)
    [Female] EG: +33 new (reported 58)
    [Female] EH: +21 new (reported 253)
    [Female] EI: +48 new (reported 271)
    [Female] EJ: +3 new (reported 10)
    [Female] EK: +26 new (reported 47)
    [Female] EL: +21 new (reported 304)
    [Female] EM: +32 new (reported 107)
    [Female] EN: +35 new (reported 1075)
    [Female] EO: +39 new (reported 256)
    [Female] EP: +27 new (reported 65)
    [Female] EQ: +3 new (reported 17)
    [Female] ER: +7 new (reported 591)
    [Female] ES: +24 new (reported 210)
    [Female] ET: +36 new (reported 195)
    [Female] EU: +15 new (reported 236)
    [Female] EV: +35 new (reported 69)
    [Female] EW: +39 new (reported 338)
    [Female] EX: +4 new (reported 9)
    [Female] EY: +16 new (reported 409)
    [Female] EZ: +19 new (reported 49)
    [Female] FA: +30 new (reported 101)
    [Female] FB: +6 new (reported 15)
    [Female] FC: +3 new (reported 7)
    [Female] FD: +17 new (reported 36)
    [Female] FE: +31 new (reported 140)
    [Female] FH: +30 new (reported 91)
    [Female] FI: +37 new (reported 145)
    [Female] FJ: +3 new (reported 3)
    [Female] FL: +14 new (reported 28)
    [Female] FM: +5 new (reported 5)
    [Female] FN: +22 new (reported 120)
    [Female] FO: +35 new (reported 164)
    [Female] FR: +25 new (reported 48)
    [Female] FS: +3 new (reported 9)
    [Female] FU: +11 new (reported 93)
    [Female] FW: +3 new (reported 87)
    [Female] FX: +2 new (reported 7)
    [Female] GA: +14 new (reported 210)
    [Female] GB: +1 new (reported 6)
    [Female] GC: +17 new (reported 18)
    [Female] GD: +4 new (reported 165)
    [Female] GE: +6 new (reported 304)
    [Female] GF: +2 new (reported 10)
    [Female] GH: +14 new (reported 202)
    [Female] GI: +40 new (reported 215)
    [Female] GL: +43 new (reported 137)
    [Female] GM: +4 new (reported 46)
    [Female] GN: +15 new (reported 26)
    [Female] GO: +11 new (reported 150)
    [Female] GP: +1 new (reported 5)
    [Female] GR: +28 new (reported 184)
    [Female] GS: +10 new (reported 27)
    [Female] GT: +7 new (reported 173)
    [Female] GU: +25 new (reported 143)
    [Female] GW: +4 new (reported 88)
    [Female] GY: +4 new (reported 167)
    [Female] GZ: +1 new (reported 14)
    [Female] HA: +8 new (reported 395)
    [Female] HC: +3 new (reported 94)
    [Female] HD: +2 new (reported 107)
    [Female] HE: +11 new (reported 296)
    [Female] HI: +16 new (reported 205)
    [Female] HJ: +12 new (reported 93)
    [Female] HL: +26 new (reported 230)
    [Female] HM: +16 new (reported 144)
    [Female] HN: +45 new (reported 69)
    [Female] HO: +25 new (reported 230)
    [Female] HQ: +1 new (reported 80)
    [Female] HR: +28 new (reported 53)
    [Female] HS: +2 new (reported 112)
    [Female] HT: +19 new (reported 138)
    [Female] HU: +25 new (reported 127)
    [Female] HW: +2 new (reported 5)
    [Female] HY: +33 new (reported 88)
    [Female] IA: +14 new (reported 273)
    [Female] IB: +5 new (reported 50)
    [Female] IC: +8 new (reported 120)
    [Female] ID: +9 new (reported 165)
    [Female] IE: +6 new (reported 325)
    [Female] IF: +6 new (reported 43)
    [Female] IG: +7 new (reported 83)
    [Female] IH: +3 new (reported 233)
    [Female] IJ: +5 new (reported 18)
    [Female] IK: +11 new (reported 35)
    [Female] IL: +14 new (reported 358)
    [Female] IM: +32 new (reported 229)
    [Female] IN: +30 new (reported 1053)
    [Female] IO: +13 new (reported 250)
    [Female] IP: +14 new (reported 62)
    [Female] IR: +15 new (reported 101)
    [Female] IS: +14 new (reported 193)
    [Female] IT: +17 new (reported 246)
    [Female] IU: +8 new (reported 240)
    [Female] IV: +24 new (reported 85)
    [Female] IW: +3 new (reported 282)
    [Female] IX: +10 new (reported 11)
    [Female] IY: +6 new (reported 242)
    [Female] IZ: +5 new (reported 36)
    [Female] JA: +19 new (reported 278)
    [Female] JD: +19 new (reported 114)
    [Female] JE: +7 new (reported 253)
    [Female] JH: +2 new (reported 234)
    [Female] JI: +1 new (reported 218)
    [Female] JL: +19 new (reported 137)
    [Female] JM: +11 new (reported 183)
    [Female] JN: +13 new (reported 963)
    [Female] JO: +20 new (reported 261)
    [Female] JR: +4 new (reported 15)
